#
# There is insufficient memory for the Java Runtime Environment to continue.
# Native memory allocation (malloc) failed to allocate 584336 bytes for Chunk::new
# Possible reasons:
#   The system is out of physical RAM or swap space
#   The process is running with CompressedOops enabled, and the Java Heap may be blocking the growth of the native heap
# Possible solutions:
#   Reduce memory load on the system
#   Increase physical memory or swap space
#   Check if swap backing store is full
#   Decrease Java heap size (-Xmx/-Xms)
#   Decrease number of Java threads
#   Decrease Java thread stack sizes (-Xss)
#   Set larger code cache with -XX:ReservedCodeCacheSize=
#   JVM is running with Unscaled Compressed Oops mode in which the Java heap is
#     placed in the first 4GB address space. The Java Heap base address is the
#     maximum limit for the native heap growth. Please use -XX:HeapBaseMinAddress
#     to set the Java Heap base and to place the Java Heap above 4GB virtual address.
# This output file may be truncated or incomplete.
#
#  Out of Memory Error (arena.cpp:168), pid=32036, tid=33484
#
# JRE version: Java(TM) SE Runtime Environment (21.0.5+9) (build 21.0.5+9-LTS-239)
# Java VM: Java HotSpot(TM) 64-Bit Server VM (21.0.5+9-LTS-239, mixed mode, sharing, tiered, compressed oops, compressed class ptrs, g1 gc, windows-amd64)
# No core dump will be written. Minidumps are not enabled by default on client versions of Windows
#

---------------  S U M M A R Y ------------

Command Line: -javaagent:C:\Program Files\JetBrains\IntelliJ IDEA Community Edition 2024.3\lib\idea_rt.jar=63883:C:\Program Files\JetBrains\IntelliJ IDEA Community Edition 2024.3\bin -Dfile.encoding=UTF-8 -Dsun.stdout.encoding=UTF-8 -Dsun.stderr.encoding=UTF-8 com.manisha.demo_sec.DemoSecApplication

Host: Intel(R) Core(TM) i3-10110U CPU @ 2.10GHz, 4 cores, 3G,  Windows 11 , 64 bit Build 22621 (10.0.22621.4391)
Time: Wed Dec 11 10:47:36 2024 India Standard Time elapsed time: 9.922281 seconds (0d 0h 0m 9s)

---------------  T H R E A D  ---------------

Current thread (0x000001efa062d8e0):  JavaThread "C2 CompilerThread0" daemon [_thread_in_native, id=33484, stack(0x00000054a6400000,0x00000054a6500000) (1024K)]


Current CompileTask:
C2:   9922 4532       4       java.net.URLStreamHandler::parseURL (1124 bytes)

Stack: [0x00000054a6400000,0x00000054a6500000]
Native frames: (J=compiled Java code, j=interpreted, Vv=VM code, C=native code)
V  [jvm.dll+0x6ca289]
V  [jvm.dll+0x854a51]
V  [jvm.dll+0x856f7e]
V  [jvm.dll+0x857653]
V  [jvm.dll+0x27dd26]
V  [jvm.dll+0xc4c2d]
V  [jvm.dll+0xc5163]
V  [jvm.dll+0x3b4d3c]
V  [jvm.dll+0x1df809]
V  [jvm.dll+0x246a62]
V  [jvm.dll+0x245eef]
V  [jvm.dll+0x1c6d0e]
V  [jvm.dll+0x2554d9]
V  [jvm.dll+0x253a6a]
V  [jvm.dll+0x3ee136]
V  [jvm.dll+0x7fee9b]
V  [jvm.dll+0x6c896d]
C  [ucrtbase.dll+0x29333]
C  [KERNEL32.DLL+0x1259d]
C  [ntdll.dll+0x5af38]


---------------  P R O C E S S  ---------------

Threads class SMR info:
_java_thread_list=0x000001efe6815890, length=20, elements={
0x000001ef83abf050, 0x000001efa0625e90, 0x000001efa0626da0, 0x000001efa0628b60,
0x000001efa062b6c0, 0x000001efa062c110, 0x000001efa062cb60, 0x000001efa062d8e0,
0x000001efa0652db0, 0x000001efa060bfb0, 0x000001efa0bfde90, 0x000001efa0a02100,
0x000001efe63d38b0, 0x000001efe622e760, 0x000001efe842c620, 0x000001efe79129a0,
0x000001efe82689d0, 0x000001efe8269d80, 0x000001efe826a410, 0x000001efe8266f90
}

Java Threads: ( => current thread )
  0x000001ef83abf050 JavaThread "main"                              [_thread_blocked, id=28124, stack(0x00000054a5600000,0x00000054a5700000) (1024K)]
  0x000001efa0625e90 JavaThread "Reference Handler"          daemon [_thread_blocked, id=16888, stack(0x00000054a5e00000,0x00000054a5f00000) (1024K)]
  0x000001efa0626da0 JavaThread "Finalizer"                  daemon [_thread_blocked, id=26884, stack(0x00000054a5f00000,0x00000054a6000000) (1024K)]
  0x000001efa0628b60 JavaThread "Signal Dispatcher"          daemon [_thread_blocked, id=18880, stack(0x00000054a6000000,0x00000054a6100000) (1024K)]
  0x000001efa062b6c0 JavaThread "Attach Listener"            daemon [_thread_blocked, id=32068, stack(0x00000054a6100000,0x00000054a6200000) (1024K)]
  0x000001efa062c110 JavaThread "Service Thread"             daemon [_thread_blocked, id=32708, stack(0x00000054a6200000,0x00000054a6300000) (1024K)]
  0x000001efa062cb60 JavaThread "Monitor Deflation Thread"   daemon [_thread_blocked, id=29312, stack(0x00000054a6300000,0x00000054a6400000) (1024K)]
=>0x000001efa062d8e0 JavaThread "C2 CompilerThread0"         daemon [_thread_in_native, id=33484, stack(0x00000054a6400000,0x00000054a6500000) (1024K)]
  0x000001efa0652db0 JavaThread "C1 CompilerThread0"         daemon [_thread_blocked, id=26900, stack(0x00000054a6500000,0x00000054a6600000) (1024K)]
  0x000001efa060bfb0 JavaThread "Common-Cleaner"             daemon [_thread_blocked, id=32372, stack(0x00000054a6600000,0x00000054a6700000) (1024K)]
  0x000001efa0bfde90 JavaThread "Monitor Ctrl-Break"         daemon [_thread_in_native, id=31808, stack(0x00000054a6700000,0x00000054a6800000) (1024K)]
  0x000001efa0a02100 JavaThread "Notification Thread"        daemon [_thread_blocked, id=28512, stack(0x00000054a6800000,0x00000054a6900000) (1024K)]
  0x000001efe63d38b0 JavaThread "Thread-0"                          [_thread_blocked, id=14684, stack(0x00000054a6c00000,0x00000054a6d00000) (1024K)]
  0x000001efe622e760 JavaThread "restartedMain"                     [_thread_in_vm, id=29384, stack(0x00000054a6d00000,0x00000054a6e00000) (1024K)]
  0x000001efe842c620 JavaThread "Catalina-utility-1"                [_thread_blocked, id=30464, stack(0x00000054a6e00000,0x00000054a6f00000) (1024K)]
  0x000001efe79129a0 JavaThread "Catalina-utility-2"                [_thread_blocked, id=26288, stack(0x00000054a6f00000,0x00000054a7000000) (1024K)]
  0x000001efe82689d0 JavaThread "container-0"                       [_thread_blocked, id=30100, stack(0x00000054a7000000,0x00000054a7100000) (1024K)]
  0x000001efe8269d80 JavaThread "PostgreSQL-JDBC-Cleaner"    daemon [_thread_blocked, id=28000, stack(0x00000054a7200000,0x00000054a7300000) (1024K)]
  0x000001efe826a410 JavaThread "HikariPool-1 housekeeper"   daemon [_thread_blocked, id=32820, stack(0x00000054a7300000,0x00000054a7400000) (1024K)]
  0x000001efe8266f90 JavaThread "HikariPool-1 connection adder" daemon [_thread_blocked, id=30020, stack(0x00000054a7400000,0x00000054a7500000) (1024K)]
Total: 20

Other Threads:
  0x000001ef83b7d880 VMThread "VM Thread"                           [id=20700, stack(0x00000054a5d00000,0x00000054a5e00000) (1024K)]
  0x000001efa060a3c0 WatcherThread "VM Periodic Task Thread"        [id=22144, stack(0x00000054a5c00000,0x00000054a5d00000) (1024K)]
  0x000001ef83af79d0 WorkerThread "GC Thread#0"                     [id=27068, stack(0x00000054a5700000,0x00000054a5800000) (1024K)]
  0x000001efe67da380 WorkerThread "GC Thread#1"                     [id=33056, stack(0x00000054a6900000,0x00000054a6a00000) (1024K)]
  0x000001efe67d1900 WorkerThread "GC Thread#2"                     [id=22540, stack(0x00000054a6a00000,0x00000054a6b00000) (1024K)]
  0x000001efe63fe2e0 WorkerThread "GC Thread#3"                     [id=32356, stack(0x00000054a6b00000,0x00000054a6c00000) (1024K)]
  0x000001ef83b004b0 ConcurrentGCThread "G1 Main Marker"            [id=27828, stack(0x00000054a5800000,0x00000054a5900000) (1024K)]
  0x000001ef83b01160 WorkerThread "G1 Conc#0"                       [id=28304, stack(0x00000054a5900000,0x00000054a5a00000) (1024K)]
  0x000001ef83b5c1f0 ConcurrentGCThread "G1 Refine#0"               [id=7372, stack(0x00000054a5a00000,0x00000054a5b00000) (1024K)]
  0x000001ef83b5cd60 ConcurrentGCThread "G1 Service"                [id=27940, stack(0x00000054a5b00000,0x00000054a5c00000) (1024K)]
Total: 10

Threads with active compile tasks:
C2 CompilerThread0     9975 4532       4       java.net.URLStreamHandler::parseURL (1124 bytes)
Total: 1

VM state: not at safepoint (normal execution)

VM Mutex/Monitor currently owned by a thread: None

Heap address: 0x00000000c2800000, size: 984 MB, Compressed Oops mode: 32-bit

CDS archive(s) mapped at: [0x000001efa1000000-0x000001efa1c90000-0x000001efa1c90000), size 13172736, SharedBaseAddress: 0x000001efa1000000, ArchiveRelocationMode: 1.
Compressed class space mapped at: 0x000001efa2000000-0x000001efe2000000, reserved size: 1073741824
Narrow klass base: 0x000001efa1000000, Narrow klass shift: 0, Narrow klass range: 0x100000000

GC Precious Log:
 CardTable entry size: 512
 Card Set container configuration: InlinePtr #cards 5 size 8 Array Of Cards #cards 12 size 40 Howl #buckets 4 coarsen threshold 1843 Howl Bitmap #cards 512 size 80 coarsen threshold 460 Card regions per heap region 1 cards per card region 2048
 CPUs: 4 total, 4 available
 Memory: 3933M
 Large Page Support: Disabled
 NUMA Support: Disabled
 Compressed Oops: Enabled (32-bit)
 Heap Region Size: 1M
 Heap Min Capacity: 8M
 Heap Initial Capacity: 62M
 Heap Max Capacity: 984M
 Pre-touch: Disabled
 Parallel Workers: 4
 Concurrent Workers: 1
 Concurrent Refinement Workers: 4
 Periodic GC: Disabled

Heap:
 garbage-first heap   total 55296K, used 31962K [0x00000000c2800000, 0x0000000100000000)
  region size 1024K, 13 young (13312K), 3 survivors (3072K)
 Metaspace       used 44415K, committed 44992K, reserved 1114112K
  class space    used 5718K, committed 6016K, reserved 1048576K

Heap Regions: E=young(eden), S=young(survivor), O=old, HS=humongous(starts), HC=humongous(continues), CS=collection set, F=free, TAMS=top-at-mark-start, PB=parsable bottom
|   0|0x00000000c2800000, 0x00000000c2900000, 0x00000000c2900000|100%|HS|  |TAMS 0x00000000c2800000| PB 0x00000000c2800000| Complete 
|   1|0x00000000c2900000, 0x00000000c2a00000, 0x00000000c2a00000|100%|HS|  |TAMS 0x00000000c2900000| PB 0x00000000c2900000| Complete 
|   2|0x00000000c2a00000, 0x00000000c2b00000, 0x00000000c2b00000|100%| O|  |TAMS 0x00000000c2a00000| PB 0x00000000c2a00000| Untracked 
|   3|0x00000000c2b00000, 0x00000000c2c00000, 0x00000000c2c00000|100%| O|  |TAMS 0x00000000c2b00000| PB 0x00000000c2b00000| Untracked 
|   4|0x00000000c2c00000, 0x00000000c2d00000, 0x00000000c2d00000|100%| O|  |TAMS 0x00000000c2c00000| PB 0x00000000c2c00000| Untracked 
|   5|0x00000000c2d00000, 0x00000000c2e00000, 0x00000000c2e00000|100%| O|  |TAMS 0x00000000c2d00000| PB 0x00000000c2d00000| Untracked 
|   6|0x00000000c2e00000, 0x00000000c2f00000, 0x00000000c2f00000|100%| O|  |TAMS 0x00000000c2e00000| PB 0x00000000c2e00000| Untracked 
|   7|0x00000000c2f00000, 0x00000000c3000000, 0x00000000c3000000|100%| O|  |TAMS 0x00000000c2f00000| PB 0x00000000c2f00000| Untracked 
|   8|0x00000000c3000000, 0x00000000c3100000, 0x00000000c3100000|100%| O|  |TAMS 0x00000000c3000000| PB 0x00000000c3000000| Untracked 
|   9|0x00000000c3100000, 0x00000000c3200000, 0x00000000c3200000|100%| O|  |TAMS 0x00000000c3100000| PB 0x00000000c3100000| Untracked 
|  10|0x00000000c3200000, 0x00000000c3300000, 0x00000000c3300000|100%| O|  |TAMS 0x00000000c3200000| PB 0x00000000c3200000| Untracked 
|  11|0x00000000c3300000, 0x00000000c3400000, 0x00000000c3400000|100%| O|  |TAMS 0x00000000c3300000| PB 0x00000000c3300000| Untracked 
|  12|0x00000000c3400000, 0x00000000c3500000, 0x00000000c3500000|100%| O|  |TAMS 0x00000000c3400000| PB 0x00000000c3400000| Untracked 
|  13|0x00000000c3500000, 0x00000000c35fa718, 0x00000000c3600000| 97%| O|Cm|TAMS 0x00000000c3500000| PB 0x00000000c3500000| Complete 
|  14|0x00000000c3600000, 0x00000000c3700000, 0x00000000c3700000|100%| O|  |TAMS 0x00000000c3600000| PB 0x00000000c3600000| Untracked 
|  15|0x00000000c3700000, 0x00000000c3800000, 0x00000000c3800000|100%| O|  |TAMS 0x00000000c3700000| PB 0x00000000c3700000| Untracked 
|  16|0x00000000c3800000, 0x00000000c3900000, 0x00000000c3900000|100%| O|  |TAMS 0x00000000c3800000| PB 0x00000000c3800000| Untracked 
|  17|0x00000000c3900000, 0x00000000c3a00000, 0x00000000c3a00000|100%| O|  |TAMS 0x00000000c3900000| PB 0x00000000c3900000| Untracked 
|  18|0x00000000c3a00000, 0x00000000c3b00000, 0x00000000c3b00000|100%| O|  |TAMS 0x00000000c3a00000| PB 0x00000000c3a00000| Untracked 
|  19|0x00000000c3b00000, 0x00000000c3ba1310, 0x00000000c3c00000| 62%| O|  |TAMS 0x00000000c3b00000| PB 0x00000000c3b00000| Untracked 
|  20|0x00000000c3c00000, 0x00000000c3c00000, 0x00000000c3d00000|  0%| F|  |TAMS 0x00000000c3c00000| PB 0x00000000c3c00000| Untracked 
|  21|0x00000000c3d00000, 0x00000000c3d00000, 0x00000000c3e00000|  0%| F|  |TAMS 0x00000000c3d00000| PB 0x00000000c3d00000| Untracked 
|  22|0x00000000c3e00000, 0x00000000c3e00000, 0x00000000c3f00000|  0%| F|  |TAMS 0x00000000c3e00000| PB 0x00000000c3e00000| Untracked 
|  23|0x00000000c3f00000, 0x00000000c3f9aec0, 0x00000000c4000000| 60%| S|CS|TAMS 0x00000000c3f00000| PB 0x00000000c3f00000| Complete 
|  24|0x00000000c4000000, 0x00000000c4100000, 0x00000000c4100000|100%| S|CS|TAMS 0x00000000c4000000| PB 0x00000000c4000000| Complete 
|  25|0x00000000c4100000, 0x00000000c4200000, 0x00000000c4200000|100%| S|CS|TAMS 0x00000000c4100000| PB 0x00000000c4100000| Complete 
|  26|0x00000000c4200000, 0x00000000c4200000, 0x00000000c4300000|  0%| F|  |TAMS 0x00000000c4200000| PB 0x00000000c4200000| Untracked 
|  27|0x00000000c4300000, 0x00000000c4300000, 0x00000000c4400000|  0%| F|  |TAMS 0x00000000c4300000| PB 0x00000000c4300000| Untracked 
|  28|0x00000000c4400000, 0x00000000c4400000, 0x00000000c4500000|  0%| F|  |TAMS 0x00000000c4400000| PB 0x00000000c4400000| Untracked 
|  29|0x00000000c4500000, 0x00000000c4500000, 0x00000000c4600000|  0%| F|  |TAMS 0x00000000c4500000| PB 0x00000000c4500000| Untracked 
|  30|0x00000000c4600000, 0x00000000c4600000, 0x00000000c4700000|  0%| F|  |TAMS 0x00000000c4600000| PB 0x00000000c4600000| Untracked 
|  31|0x00000000c4700000, 0x00000000c4700000, 0x00000000c4800000|  0%| F|  |TAMS 0x00000000c4700000| PB 0x00000000c4700000| Untracked 
|  32|0x00000000c4800000, 0x00000000c4800000, 0x00000000c4900000|  0%| F|  |TAMS 0x00000000c4800000| PB 0x00000000c4800000| Untracked 
|  33|0x00000000c4900000, 0x00000000c4900000, 0x00000000c4a00000|  0%| F|  |TAMS 0x00000000c4900000| PB 0x00000000c4900000| Untracked 
|  34|0x00000000c4a00000, 0x00000000c4a00000, 0x00000000c4b00000|  0%| F|  |TAMS 0x00000000c4a00000| PB 0x00000000c4a00000| Untracked 
|  35|0x00000000c4b00000, 0x00000000c4b00000, 0x00000000c4c00000|  0%| F|  |TAMS 0x00000000c4b00000| PB 0x00000000c4b00000| Untracked 
|  36|0x00000000c4c00000, 0x00000000c4c00000, 0x00000000c4d00000|  0%| F|  |TAMS 0x00000000c4c00000| PB 0x00000000c4c00000| Untracked 
|  37|0x00000000c4d00000, 0x00000000c4d00000, 0x00000000c4e00000|  0%| F|  |TAMS 0x00000000c4d00000| PB 0x00000000c4d00000| Untracked 
|  38|0x00000000c4e00000, 0x00000000c4e00000, 0x00000000c4f00000|  0%| F|  |TAMS 0x00000000c4e00000| PB 0x00000000c4e00000| Untracked 
|  39|0x00000000c4f00000, 0x00000000c4f00000, 0x00000000c5000000|  0%| F|  |TAMS 0x00000000c4f00000| PB 0x00000000c4f00000| Untracked 
|  40|0x00000000c5000000, 0x00000000c5000000, 0x00000000c5100000|  0%| F|  |TAMS 0x00000000c5000000| PB 0x00000000c5000000| Untracked 
|  41|0x00000000c5100000, 0x00000000c5100000, 0x00000000c5200000|  0%| F|  |TAMS 0x00000000c5100000| PB 0x00000000c5100000| Untracked 
|  42|0x00000000c5200000, 0x00000000c5200000, 0x00000000c5300000|  0%| F|  |TAMS 0x00000000c5200000| PB 0x00000000c5200000| Untracked 
|  43|0x00000000c5300000, 0x00000000c5300000, 0x00000000c5400000|  0%| F|  |TAMS 0x00000000c5300000| PB 0x00000000c5300000| Untracked 
|  44|0x00000000c5400000, 0x00000000c546ca38, 0x00000000c5500000| 42%| E|  |TAMS 0x00000000c5400000| PB 0x00000000c5400000| Complete 
|  45|0x00000000c5500000, 0x00000000c5600000, 0x00000000c5600000|100%| E|CS|TAMS 0x00000000c5500000| PB 0x00000000c5500000| Complete 
|  46|0x00000000c5600000, 0x00000000c5700000, 0x00000000c5700000|100%| E|CS|TAMS 0x00000000c5600000| PB 0x00000000c5600000| Complete 
|  47|0x00000000c5700000, 0x00000000c5800000, 0x00000000c5800000|100%| E|CS|TAMS 0x00000000c5700000| PB 0x00000000c5700000| Complete 
|  48|0x00000000c5800000, 0x00000000c5900000, 0x00000000c5900000|100%| E|CS|TAMS 0x00000000c5800000| PB 0x00000000c5800000| Complete 
|  49|0x00000000c5900000, 0x00000000c5a00000, 0x00000000c5a00000|100%| E|CS|TAMS 0x00000000c5900000| PB 0x00000000c5900000| Complete 
|  50|0x00000000c5a00000, 0x00000000c5b00000, 0x00000000c5b00000|100%| E|CS|TAMS 0x00000000c5a00000| PB 0x00000000c5a00000| Complete 
|  51|0x00000000c5b00000, 0x00000000c5c00000, 0x00000000c5c00000|100%| E|CS|TAMS 0x00000000c5b00000| PB 0x00000000c5b00000| Complete 
|  53|0x00000000c5d00000, 0x00000000c5e00000, 0x00000000c5e00000|100%| E|CS|TAMS 0x00000000c5d00000| PB 0x00000000c5d00000| Complete 
|  61|0x00000000c6500000, 0x00000000c6600000, 0x00000000c6600000|100%| E|CS|TAMS 0x00000000c6500000| PB 0x00000000c6500000| Complete 

Card table byte_map: [0x000001ef9cf30000,0x000001ef9d120000] _byte_map_base: 0x000001ef9c91c000

Marking Bits: (CMBitMap*) 0x000001ef83af80d0
 Bits: [0x000001ef9d120000, 0x000001ef9e080000)

Polling page: 0x000001ef83b80000

Metaspace:

Usage:
  Non-class:     37.81 MB used.
      Class:      5.59 MB used.
       Both:     43.40 MB used.

Virtual space:
  Non-class space:       64.00 MB reserved,      38.12 MB ( 60%) committed,  1 nodes.
      Class space:        1.00 GB reserved,       5.88 MB ( <1%) committed,  1 nodes.
             Both:        1.06 GB reserved,      44.00 MB (  4%) committed. 

Chunk freelists:
   Non-Class:  9.80 MB
       Class:  9.97 MB
        Both:  19.77 MB

MaxMetaspaceSize: unlimited
CompressedClassSpaceSize: 1.00 GB
Initial GC threshold: 21.00 MB
Current GC threshold: 58.69 MB
CDS: on
 - commit_granule_bytes: 65536.
 - commit_granule_words: 8192.
 - virtual_space_node_default_size: 8388608.
 - enlarge_chunks_in_place: 1.
 - use_allocation_guard: 0.


Internal statistics:

num_allocs_failed_limit: 6.
num_arena_births: 740.
num_arena_deaths: 0.
num_vsnodes_births: 2.
num_vsnodes_deaths: 0.
num_space_committed: 704.
num_space_uncommitted: 0.
num_chunks_returned_to_freelist: 6.
num_chunks_taken_from_freelist: 2353.
num_chunk_merges: 6.
num_chunk_splits: 1638.
num_chunks_enlarged: 1214.
num_inconsistent_stats: 0.

CodeHeap 'non-profiled nmethods': size=120000Kb used=2244Kb max_used=2244Kb free=117755Kb
 bounds [0x000001ef951f0000, 0x000001ef95460000, 0x000001ef9c720000]
CodeHeap 'profiled nmethods': size=120000Kb used=8545Kb max_used=9013Kb free=111454Kb
 bounds [0x000001ef8d720000, 0x000001ef8dff0000, 0x000001ef94c50000]
CodeHeap 'non-nmethods': size=5760Kb used=1524Kb max_used=1587Kb free=4235Kb
 bounds [0x000001ef94c50000, 0x000001ef94ec0000, 0x000001ef951f0000]
 total_blobs=4751 nmethods=4155 adapters=500
 compilation: enabled
              stopped_count=0, restarted_count=0
 full_count=0

Compilation events (20 events):
Event: 9.801 Thread 0x000001efa062d8e0 nmethod 4484 0x000001ef9541b390 code [0x000001ef9541b7e0, 0x000001ef9541e480]
Event: 9.801 Thread 0x000001efa062d8e0 4528   !   4       java.net.URL::<init> (543 bytes)
Event: 9.844 Thread 0x000001efa0652db0 4533       1       org.hibernate.event.spi.EventType::ordinal (5 bytes)
Event: 9.844 Thread 0x000001efa0652db0 nmethod 4533 0x000001ef95298590 code [0x000001ef95298720, 0x000001ef952987e8]
Event: 9.851 Thread 0x000001efa0652db0 4534       3       org.hibernate.event.service.internal.EventListenerRegistryImpl$Builder$$Lambda/0x000001efa258f800::apply (11 bytes)
Event: 9.851 Thread 0x000001efa0652db0 nmethod 4534 0x000001ef8d7f5610 code [0x000001ef8d7f57e0, 0x000001ef8d7f5c80]
Event: 9.851 Thread 0x000001efa062d8e0 nmethod 4528 0x000001ef95295410 code [0x000001ef95295760, 0x000001ef95297668]
Event: 9.852 Thread 0x000001efa062d8e0 4532       4       java.net.URLStreamHandler::parseURL (1124 bytes)
Event: 9.865 Thread 0x000001efa0652db0 4535       3       org.hibernate.event.service.internal.EventListenerRegistryImpl$Builder$$Lambda/0x000001efa25a1400::apply (11 bytes)
Event: 9.865 Thread 0x000001efa0652db0 nmethod 4535 0x000001ef8d7f4e10 code [0x000001ef8d7f4fe0, 0x000001ef8d7f5480]
Event: 9.865 Thread 0x000001efa0652db0 4536       3       java.util.Collections$UnmodifiableMap$UnmodifiableEntrySet$UnmodifiableEntry::<init> (16 bytes)
Event: 9.866 Thread 0x000001efa0652db0 nmethod 4536 0x000001ef8d836c90 code [0x000001ef8d836e60, 0x000001ef8d837290]
Event: 9.866 Thread 0x000001efa0652db0 4537       3       java.util.Collections$UnmodifiableMap$UnmodifiableEntrySet$1::hasNext (10 bytes)
Event: 9.866 Thread 0x000001efa0652db0 nmethod 4537 0x000001ef8d932d10 code [0x000001ef8d932ec0, 0x000001ef8d933098]
Event: 9.866 Thread 0x000001efa0652db0 4538       3       java.util.Collections$UnmodifiableMap$UnmodifiableEntrySet$UnmodifiableEntry::getKey (10 bytes)
Event: 9.866 Thread 0x000001efa0652db0 nmethod 4538 0x000001ef8d836810 code [0x000001ef8d8369c0, 0x000001ef8d836b98]
Event: 9.880 Thread 0x000001efa0652db0 4540       1       java.lang.Enum::toString (5 bytes)
Event: 9.880 Thread 0x000001efa0652db0 nmethod 4540 0x000001ef95295110 code [0x000001ef952952a0, 0x000001ef95295368]
Event: 9.912 Thread 0x000001efa0652db0 4541       1       org.hibernate.type.descriptor.java.AbstractClassJavaType::getJavaType (5 bytes)
Event: 9.912 Thread 0x000001efa0652db0 nmethod 4541 0x000001ef95294c90 code [0x000001ef95294e20, 0x000001ef95294ee8]

GC Heap History (18 events):
Event: 0.806 GC heap before
{Heap before GC invocations=0 (full 0):
 garbage-first heap   total 63488K, used 14336K [0x00000000c2800000, 0x0000000100000000)
  region size 1024K, 13 young (13312K), 0 survivors (0K)
 Metaspace       used 3516K, committed 3712K, reserved 1114112K
  class space    used 350K, committed 448K, reserved 1048576K
}
Event: 0.812 GC heap after
{Heap after GC invocations=1 (full 0):
 garbage-first heap   total 63488K, used 7003K [0x00000000c2800000, 0x0000000100000000)
  region size 1024K, 2 young (2048K), 2 survivors (2048K)
 Metaspace       used 3516K, committed 3712K, reserved 1114112K
  class space    used 350K, committed 448K, reserved 1048576K
}
Event: 1.398 GC heap before
{Heap before GC invocations=1 (full 0):
 garbage-first heap   total 63488K, used 19291K [0x00000000c2800000, 0x0000000100000000)
  region size 1024K, 15 young (15360K), 2 survivors (2048K)
 Metaspace       used 7064K, committed 7360K, reserved 1114112K
  class space    used 797K, committed 960K, reserved 1048576K
}
Event: 1.402 GC heap after
{Heap after GC invocations=2 (full 0):
 garbage-first heap   total 63488K, used 8042K [0x00000000c2800000, 0x0000000100000000)
  region size 1024K, 1 young (1024K), 1 survivors (1024K)
 Metaspace       used 7064K, committed 7360K, reserved 1114112K
  class space    used 797K, committed 960K, reserved 1048576K
}
Event: 2.438 GC heap before
{Heap before GC invocations=2 (full 0):
 garbage-first heap   total 63488K, used 35690K [0x00000000c2800000, 0x0000000100000000)
  region size 1024K, 29 young (29696K), 1 survivors (1024K)
 Metaspace       used 14684K, committed 14976K, reserved 1114112K
  class space    used 1733K, committed 1856K, reserved 1048576K
}
Event: 2.446 GC heap after
{Heap after GC invocations=3 (full 0):
 garbage-first heap   total 63488K, used 10627K [0x00000000c2800000, 0x0000000100000000)
  region size 1024K, 4 young (4096K), 4 survivors (4096K)
 Metaspace       used 14684K, committed 14976K, reserved 1114112K
  class space    used 1733K, committed 1856K, reserved 1048576K
}
Event: 3.799 GC heap before
{Heap before GC invocations=3 (full 0):
 garbage-first heap   total 63488K, used 43395K [0x00000000c2800000, 0x0000000100000000)
  region size 1024K, 37 young (37888K), 4 survivors (4096K)
 Metaspace       used 19926K, committed 20288K, reserved 1114112K
  class space    used 2370K, committed 2560K, reserved 1048576K
}
Event: 3.808 GC heap after
{Heap after GC invocations=4 (full 0):
 garbage-first heap   total 63488K, used 13924K [0x00000000c2800000, 0x0000000100000000)
  region size 1024K, 5 young (5120K), 5 survivors (5120K)
 Metaspace       used 19926K, committed 20288K, reserved 1114112K
  class space    used 2370K, committed 2560K, reserved 1048576K
}
Event: 4.263 GC heap before
{Heap before GC invocations=4 (full 0):
 garbage-first heap   total 63488K, used 21092K [0x00000000c2800000, 0x0000000100000000)
  region size 1024K, 13 young (13312K), 5 survivors (5120K)
 Metaspace       used 21171K, committed 21504K, reserved 1114112K
  class space    used 2513K, committed 2688K, reserved 1048576K
}
Event: 4.272 GC heap after
{Heap after GC invocations=5 (full 0):
 garbage-first heap   total 63488K, used 15194K [0x00000000c2800000, 0x0000000100000000)
  region size 1024K, 1 young (1024K), 1 survivors (1024K)
 Metaspace       used 21171K, committed 21504K, reserved 1114112K
  class space    used 2513K, committed 2688K, reserved 1048576K
}
Event: 5.687 GC heap before
{Heap before GC invocations=6 (full 0):
 garbage-first heap   total 55296K, used 46938K [0x00000000c2800000, 0x0000000100000000)
  region size 1024K, 32 young (32768K), 1 survivors (1024K)
 Metaspace       used 26473K, committed 27008K, reserved 1114112K
  class space    used 3310K, committed 3584K, reserved 1048576K
}
Event: 5.693 GC heap after
{Heap after GC invocations=7 (full 0):
 garbage-first heap   total 55296K, used 18060K [0x00000000c2800000, 0x0000000100000000)
  region size 1024K, 4 young (4096K), 4 survivors (4096K)
 Metaspace       used 26473K, committed 27008K, reserved 1114112K
  class space    used 3310K, committed 3584K, reserved 1048576K
}
Event: 7.220 GC heap before
{Heap before GC invocations=7 (full 0):
 garbage-first heap   total 55296K, used 44684K [0x00000000c2800000, 0x0000000100000000)
  region size 1024K, 30 young (30720K), 4 survivors (4096K)
 Metaspace       used 32402K, committed 32896K, reserved 1114112K
  class space    used 4016K, committed 4224K, reserved 1048576K
}
Event: 7.230 GC heap after
{Heap after GC invocations=8 (full 0):
 garbage-first heap   total 55296K, used 20185K [0x00000000c2800000, 0x0000000100000000)
  region size 1024K, 3 young (3072K), 3 survivors (3072K)
 Metaspace       used 32402K, committed 32896K, reserved 1114112K
  class space    used 4016K, committed 4224K, reserved 1048576K
}
Event: 7.967 GC heap before
{Heap before GC invocations=8 (full 0):
 garbage-first heap   total 55296K, used 30425K [0x00000000c2800000, 0x0000000100000000)
  region size 1024K, 14 young (14336K), 3 survivors (3072K)
 Metaspace       used 35445K, committed 35968K, reserved 1114112K
  class space    used 4386K, committed 4608K, reserved 1048576K
}
Event: 7.974 GC heap after
{Heap after GC invocations=9 (full 0):
 garbage-first heap   total 55296K, used 20901K [0x00000000c2800000, 0x0000000100000000)
  region size 1024K, 3 young (3072K), 3 survivors (3072K)
 Metaspace       used 35445K, committed 35968K, reserved 1114112K
  class space    used 4386K, committed 4608K, reserved 1048576K
}
Event: 9.566 GC heap before
{Heap before GC invocations=10 (full 0):
 garbage-first heap   total 55296K, used 46501K [0x00000000c2800000, 0x0000000100000000)
  region size 1024K, 28 young (28672K), 3 survivors (3072K)
 Metaspace       used 42097K, committed 42688K, reserved 1114112K
  class space    used 5433K, committed 5696K, reserved 1048576K
}
Event: 9.575 GC heap after
{Heap after GC invocations=11 (full 0):
 garbage-first heap   total 55296K, used 22746K [0x00000000c2800000, 0x0000000100000000)
  region size 1024K, 3 young (3072K), 3 survivors (3072K)
 Metaspace       used 42097K, committed 42688K, reserved 1114112K
  class space    used 5433K, committed 5696K, reserved 1048576K
}

Dll operation events (14 events):
Event: 0.019 Loaded shared library C:\Program Files\Java\jdk-21\bin\java.dll
Event: 0.069 Loaded shared library C:\Program Files\Java\jdk-21\bin\jsvml.dll
Event: 0.269 Loaded shared library C:\Program Files\Java\jdk-21\bin\zip.dll
Event: 0.276 Loaded shared library C:\Program Files\Java\jdk-21\bin\instrument.dll
Event: 0.282 Loaded shared library C:\Program Files\Java\jdk-21\bin\net.dll
Event: 0.285 Loaded shared library C:\Program Files\Java\jdk-21\bin\nio.dll
Event: 0.289 Loaded shared library C:\Program Files\Java\jdk-21\bin\zip.dll
Event: 0.464 Loaded shared library C:\Program Files\JetBrains\IntelliJ IDEA Community Edition 2024.3\bin\breakgen64.dll
Event: 0.490 Loaded shared library C:\Program Files\Java\jdk-21\bin\extnet.dll
Event: 0.545 Loaded shared library C:\Program Files\Java\jdk-21\bin\jimage.dll
Event: 0.958 Loaded shared library C:\Program Files\Java\jdk-21\bin\management.dll
Event: 0.965 Loaded shared library C:\Program Files\Java\jdk-21\bin\management_ext.dll
Event: 2.755 Loaded shared library C:\Program Files\Java\jdk-21\bin\sunmscapi.dll
Event: 8.485 Loaded shared library C:\Program Files\Java\jdk-21\bin\verify.dll

Deoptimization events (20 events):
Event: 8.405 Thread 0x000001efe8266f90 Uncommon trap: trap_request=0xffffff45 fr.pc=0x000001ef953fbf94 relative=0x000000000000ae54
Event: 8.405 Thread 0x000001efe8266f90 Uncommon trap: reason=unstable_if action=reinterpret pc=0x000001ef953fbf94 method=sun.security.provider.SHA2.implReset()V @ 8 c2
Event: 8.405 Thread 0x000001efe8266f90 DEOPT PACKING pc=0x000001ef953fbf94 sp=0x00000054a74fe0a0
Event: 8.405 Thread 0x000001efe8266f90 DEOPT UNPACKING pc=0x000001ef94ca46a2 sp=0x00000054a74fddf8 mode 2
Event: 9.316 Thread 0x000001efe622e760 Uncommon trap: trap_request=0xffffffde fr.pc=0x000001ef952bfd2c relative=0x000000000000092c
Event: 9.316 Thread 0x000001efe622e760 Uncommon trap: reason=class_check action=maybe_recompile pc=0x000001ef952bfd2c method=java.util.regex.Pattern$BmpCharPropertyGreedy.match(Ljava/util/regex/Matcher;ILjava/lang/CharSequence;)Z @ 26 c2
Event: 9.316 Thread 0x000001efe622e760 DEOPT PACKING pc=0x000001ef952bfd2c sp=0x00000054a6dfd3d0
Event: 9.316 Thread 0x000001efe622e760 DEOPT UNPACKING pc=0x000001ef94ca46a2 sp=0x00000054a6dfd2a8 mode 2
Event: 9.316 Thread 0x000001efe622e760 Uncommon trap: trap_request=0xffffffde fr.pc=0x000001ef952bfd2c relative=0x000000000000092c
Event: 9.316 Thread 0x000001efe622e760 Uncommon trap: reason=class_check action=maybe_recompile pc=0x000001ef952bfd2c method=java.util.regex.Pattern$BmpCharPropertyGreedy.match(Ljava/util/regex/Matcher;ILjava/lang/CharSequence;)Z @ 26 c2
Event: 9.316 Thread 0x000001efe622e760 DEOPT PACKING pc=0x000001ef952bfd2c sp=0x00000054a6dfd3d0
Event: 9.316 Thread 0x000001efe622e760 DEOPT UNPACKING pc=0x000001ef94ca46a2 sp=0x00000054a6dfd2a8 mode 2
Event: 9.316 Thread 0x000001efe622e760 Uncommon trap: trap_request=0xffffffde fr.pc=0x000001ef952bfd2c relative=0x000000000000092c
Event: 9.316 Thread 0x000001efe622e760 Uncommon trap: reason=class_check action=maybe_recompile pc=0x000001ef952bfd2c method=java.util.regex.Pattern$BmpCharPropertyGreedy.match(Ljava/util/regex/Matcher;ILjava/lang/CharSequence;)Z @ 26 c2
Event: 9.316 Thread 0x000001efe622e760 DEOPT PACKING pc=0x000001ef952bfd2c sp=0x00000054a6dfd3d0
Event: 9.316 Thread 0x000001efe622e760 DEOPT UNPACKING pc=0x000001ef94ca46a2 sp=0x00000054a6dfd2a8 mode 2
Event: 9.316 Thread 0x000001efe622e760 Uncommon trap: trap_request=0xffffffde fr.pc=0x000001ef952bfd2c relative=0x000000000000092c
Event: 9.316 Thread 0x000001efe622e760 Uncommon trap: reason=class_check action=maybe_recompile pc=0x000001ef952bfd2c method=java.util.regex.Pattern$BmpCharPropertyGreedy.match(Ljava/util/regex/Matcher;ILjava/lang/CharSequence;)Z @ 26 c2
Event: 9.316 Thread 0x000001efe622e760 DEOPT PACKING pc=0x000001ef952bfd2c sp=0x00000054a6dfd3d0
Event: 9.316 Thread 0x000001efe622e760 DEOPT UNPACKING pc=0x000001ef94ca46a2 sp=0x00000054a6dfd2a8 mode 2

Classes loaded (20 events):
Event: 9.366 Loading class jdk/internal/reflect/MethodHandleIntegerFieldAccessorImpl
Event: 9.367 Loading class jdk/internal/reflect/MethodHandleIntegerFieldAccessorImpl done
Event: 9.582 Loading class java/io/StringWriter
Event: 9.582 Loading class java/io/StringWriter done
Event: 9.697 Loading class javax/naming/RefAddr
Event: 9.697 Loading class javax/naming/RefAddr done
Event: 9.697 Loading class javax/naming/StringRefAddr
Event: 9.697 Loading class javax/naming/StringRefAddr done
Event: 9.760 Loading class java/util/concurrent/CompletionStage
Event: 9.761 Loading class java/util/concurrent/CompletionStage done
Event: 9.762 Loading class java/util/concurrent/CompletableFuture
Event: 9.764 Loading class java/util/concurrent/CompletableFuture done
Event: 9.764 Loading class java/util/concurrent/CompletableFuture$AltResult
Event: 9.767 Loading class java/util/concurrent/CompletableFuture$AltResult done
Event: 9.767 Loading class java/util/concurrent/CompletableFuture$Completion
Event: 9.768 Loading class java/util/concurrent/CompletableFuture$AsynchronousCompletionTask
Event: 9.769 Loading class java/util/concurrent/CompletableFuture$AsynchronousCompletionTask done
Event: 9.769 Loading class java/util/concurrent/CompletableFuture$Completion done
Event: 9.897 Loading class java/util/concurrent/CancellationException
Event: 9.897 Loading class java/util/concurrent/CancellationException done

Classes unloaded (0 events):
No events

Classes redefined (0 events):
No events

Internal exceptions (20 events):
Event: 6.008 Thread 0x000001efe622e760 Exception <a 'java/lang/NoSuchMethodError'{0x00000000c5511cd8}: 'int java.lang.invoke.DirectMethodHandle$Holder.invokeVirtual(java.lang.Object, java.lang.Object, java.lang.Object, java.lang.Object)'> (0x00000000c5511cd8) 
thrown [s\open\src\hotspot\share\interpreter\linkResolver.cpp, line 773]
Event: 6.009 Thread 0x000001efe622e760 Exception <a 'java/lang/NoSuchMethodError'{0x00000000c5515750}: 'int java.lang.invoke.DelegatingMethodHandle$Holder.reinvoke_L(java.lang.Object, java.lang.Object, java.lang.Object, java.lang.Object)'> (0x00000000c5515750) 
thrown [s\open\src\hotspot\share\interpreter\linkResolver.cpp, line 773]
Event: 6.102 Thread 0x000001efe622e760 Exception <a 'java/io/FileNotFoundException'{0x00000000c5307080}> (0x00000000c5307080) 
thrown [s\open\src\hotspot\share\prims\jni.cpp, line 520]
Event: 6.148 Thread 0x000001efe622e760 Exception <a 'java/lang/NoSuchMethodError'{0x00000000c525cc78}: 'int java.lang.invoke.DirectMethodHandle$Holder.invokeInterface(java.lang.Object, java.lang.Object, java.lang.Object, java.lang.Object)'> (0x00000000c525cc78) 
thrown [s\open\src\hotspot\share\interpreter\linkResolver.cpp, line 773]
Event: 6.317 Thread 0x000001efe622e760 Exception <a 'java/lang/NoSuchMethodError'{0x00000000c5091d78}: 'long java.lang.invoke.DirectMethodHandle$Holder.invokeVirtual(java.lang.Object, java.lang.Object)'> (0x00000000c5091d78) 
thrown [s\open\src\hotspot\share\interpreter\linkResolver.cpp, line 773]
Event: 6.326 Thread 0x000001efe622e760 Exception <a 'java/io/FileNotFoundException'{0x00000000c50ba4f8}> (0x00000000c50ba4f8) 
thrown [s\open\src\hotspot\share\prims\jni.cpp, line 520]
Event: 6.485 Thread 0x000001efe622e760 Exception <a 'java/lang/NoSuchMethodError'{0x00000000c4b97378}: 'java.lang.Object java.lang.invoke.DirectMethodHandle$Holder.newInvokeSpecial(java.lang.Object, java.lang.Object, java.lang.Object, java.lang.Object, java.lang.Object, java.lang.Object, java.lang.Object, java.lang.Object, java.lang.Object, java.lang.Object, java.lang.Object)'> (0x00000000c4b97378) 
thrown [s\open\src\hotspot\share\interpreter\linkResolver.cpp, line 773]
Event: 6.606 Thread 0x000001efe622e760 Exception <a 'java/lang/NoSuchMethodError'{0x00000000c4998608}: method resolution failed> (0x00000000c4998608) 
thrown [s\open\src\hotspot\share\prims\methodHandles.cpp, line 1144]
Event: 6.623 Thread 0x000001efe622e760 Exception <a 'java/lang/NoSuchMethodError'{0x00000000c49e21c0}: 'int java.lang.invoke.DirectMethodHandle$Holder.invokeStaticInit(java.lang.Object, java.lang.Object, java.lang.Object, java.lang.Object)'> (0x00000000c49e21c0) 
thrown [s\open\src\hotspot\share\interpreter\linkResolver.cpp, line 773]
Event: 6.941 Thread 0x000001efe622e760 Exception <a 'sun/nio/fs/WindowsException'{0x00000000c472cb18}> (0x00000000c472cb18) 
thrown [s\open\src\hotspot\share\prims\jni.cpp, line 520]
Event: 6.983 Thread 0x000001efe622e760 Exception <a 'java/lang/NoSuchMethodError'{0x00000000c47c8e38}: 'int java.lang.invoke.DirectMethodHandle$Holder.invokeInterface(java.lang.Object, java.lang.Object, int)'> (0x00000000c47c8e38) 
thrown [s\open\src\hotspot\share\interpreter\linkResolver.cpp, line 773]
Event: 6.984 Thread 0x000001efe622e760 Exception <a 'java/lang/IncompatibleClassChangeError'{0x00000000c47e70c8}: Found class java.lang.Object, but interface was expected> (0x00000000c47e70c8) 
thrown [s\open\src\hotspot\share\interpreter\linkResolver.cpp, line 840]
Event: 7.260 Thread 0x000001efe622e760 Exception <a 'java/lang/NoSuchMethodError'{0x00000000c65eb258}: 'java.lang.Object java.lang.invoke.DirectMethodHandle$Holder.invokeStaticInit(java.lang.Object, java.lang.Object, java.lang.Object, java.lang.Object)'> (0x00000000c65eb258) 
thrown [s\open\src\hotspot\share\interpreter\linkResolver.cpp, line 773]
Event: 7.365 Thread 0x000001efe622e760 Exception <a 'java/lang/NoSuchMethodError'{0x00000000c5a3ac30}: 'void java.lang.invoke.DelegatingMethodHandle$Holder.reinvoke_L(java.lang.Object, java.lang.Object, java.lang.Object, java.lang.Object, int, java.lang.Object, java.lang.Object, java.lang.Object)'> (0x00000000c5a3ac30) 
thrown [s\open\src\hotspot\share\interpreter\linkResolver.cpp, line 773]
Event: 8.403 Thread 0x000001efe8266f90 Implicit null exception at 0x000001ef953edc06 to 0x000001ef953ee4dc
Event: 8.403 Thread 0x000001efe8266f90 Implicit null exception at 0x000001ef951ffde0 to 0x000001ef9520047c
Event: 8.405 Thread 0x000001efe8266f90 Implicit null exception at 0x000001ef953f14cc to 0x000001ef953fbf0c
Event: 9.109 Thread 0x000001efe622e760 Exception <a 'java/lang/NoSuchMethodError'{0x00000000c4ab2860}: 'int java.lang.invoke.DirectMethodHandle$Holder.invokeStatic(java.lang.Object)'> (0x00000000c4ab2860) 
thrown [s\open\src\hotspot\share\interpreter\linkResolver.cpp, line 773]
Event: 9.367 Thread 0x000001efe622e760 Exception <a 'java/lang/NoSuchMethodError'{0x00000000c46e8830}: 'int java.lang.invoke.Invokers$Holder.invokeExact_MT(java.lang.Object, java.lang.Object)'> (0x00000000c46e8830) 
thrown [s\open\src\hotspot\share\interpreter\linkResolver.cpp, line 773]
Event: 9.908 Thread 0x000001efe622e760 Exception <a 'java/lang/IncompatibleClassChangeError'{0x00000000c57baf80}: Found class java.lang.Object, but interface was expected> (0x00000000c57baf80) 
thrown [s\open\src\hotspot\share\interpreter\linkResolver.cpp, line 840]

ZGC Phase Switch (0 events):
No events

VM Operations (20 events):
Event: 6.943 Executing VM operation: Cleanup
Event: 6.943 Executing VM operation: Cleanup done
Event: 6.951 Executing VM operation: HandshakeAllThreads (Deoptimize)
Event: 6.951 Executing VM operation: HandshakeAllThreads (Deoptimize) done
Event: 6.981 Executing VM operation: HandshakeAllThreads (Deoptimize)
Event: 6.981 Executing VM operation: HandshakeAllThreads (Deoptimize) done
Event: 7.220 Executing VM operation: G1CollectForAllocation (G1 Evacuation Pause)
Event: 7.230 Executing VM operation: G1CollectForAllocation (G1 Evacuation Pause) done
Event: 7.564 Executing VM operation: HandshakeAllThreads (Deoptimize)
Event: 7.564 Executing VM operation: HandshakeAllThreads (Deoptimize) done
Event: 7.967 Executing VM operation: CollectForMetadataAllocation (Metadata GC Threshold)
Event: 7.974 Executing VM operation: CollectForMetadataAllocation (Metadata GC Threshold) done
Event: 8.036 Executing VM operation: G1PauseRemark
Event: 8.041 Executing VM operation: G1PauseRemark done
Event: 8.054 Executing VM operation: G1PauseCleanup
Event: 8.054 Executing VM operation: G1PauseCleanup done
Event: 9.060 Executing VM operation: Cleanup
Event: 9.061 Executing VM operation: Cleanup done
Event: 9.566 Executing VM operation: G1CollectForAllocation (G1 Evacuation Pause)
Event: 9.575 Executing VM operation: G1CollectForAllocation (G1 Evacuation Pause) done

Events (20 events):
Event: 8.040 Thread 0x000001ef83b7d880 flushing nmethod 0x000001ef8d9e8010
Event: 8.040 Thread 0x000001ef83b7d880 flushing nmethod 0x000001ef8da0da90
Event: 8.040 Thread 0x000001ef83b7d880 flushing nmethod 0x000001ef8da10690
Event: 8.040 Thread 0x000001ef83b7d880 flushing nmethod 0x000001ef8da11f90
Event: 8.040 Thread 0x000001ef83b7d880 flushing nmethod 0x000001ef8da31290
Event: 8.040 Thread 0x000001ef83b7d880 flushing nmethod 0x000001ef8dae6e10
Event: 8.040 Thread 0x000001ef83b7d880 flushing nmethod 0x000001ef8dae8390
Event: 8.040 Thread 0x000001ef83b7d880 flushing nmethod 0x000001ef8db1f110
Event: 8.040 Thread 0x000001ef83b7d880 flushing nmethod 0x000001ef8db20110
Event: 8.040 Thread 0x000001ef83b7d880 flushing nmethod 0x000001ef8db21710
Event: 8.040 Thread 0x000001ef83b7d880 flushing nmethod 0x000001ef8db21f10
Event: 8.040 Thread 0x000001ef83b7d880 flushing nmethod 0x000001ef8db22810
Event: 8.040 Thread 0x000001ef83b7d880 flushing nmethod 0x000001ef8db23d90
Event: 8.040 Thread 0x000001ef83b7d880 flushing nmethod 0x000001ef8db4ce10
Event: 8.040 Thread 0x000001ef83b7d880 flushing nmethod 0x000001ef8db51610
Event: 8.040 Thread 0x000001ef83b7d880 flushing nmethod 0x000001ef8db71c10
Event: 8.040 Thread 0x000001ef83b7d880 flushing nmethod 0x000001ef8db72590
Event: 8.040 Thread 0x000001ef83b7d880 flushing nmethod 0x000001ef8db7b710
Event: 8.040 Thread 0x000001ef83b7d880 flushing nmethod 0x000001ef8dbbb090
Event: 8.040 Thread 0x000001ef83b7d880 flushing nmethod 0x000001ef8dbbcf10


Dynamic libraries:
0x00007ff64b540000 - 0x00007ff64b550000 	C:\Program Files\Java\jdk-21\bin\java.exe
0x00007ffb84df0000 - 0x00007ffb85007000 	C:\WINDOWS\SYSTEM32\ntdll.dll
0x00007ffb83510000 - 0x00007ffb835d4000 	C:\WINDOWS\System32\KERNEL32.DLL
0x00007ffb82160000 - 0x00007ffb82519000 	C:\WINDOWS\System32\KERNELBASE.dll
0x00007ffb826a0000 - 0x00007ffb827b1000 	C:\WINDOWS\System32\ucrtbase.dll
0x00007ffb7b4e0000 - 0x00007ffb7b4f9000 	C:\Program Files\Java\jdk-21\bin\jli.dll
0x00007ffb83200000 - 0x00007ffb832b2000 	C:\WINDOWS\System32\ADVAPI32.dll
0x00007ffb83150000 - 0x00007ffb831f7000 	C:\WINDOWS\System32\msvcrt.dll
0x00007ffb7aeb0000 - 0x00007ffb7aecb000 	C:\Program Files\Java\jdk-21\bin\VCRUNTIME140.dll
0x00007ffb832e0000 - 0x00007ffb83387000 	C:\WINDOWS\System32\sechost.dll
0x00007ffb82640000 - 0x00007ffb82668000 	C:\WINDOWS\System32\bcrypt.dll
0x00007ffb84360000 - 0x00007ffb84474000 	C:\WINDOWS\System32\RPCRT4.dll
0x00007ffb82c40000 - 0x00007ffb82dee000 	C:\WINDOWS\System32\USER32.dll
0x00007ffb82670000 - 0x00007ffb82696000 	C:\WINDOWS\System32\win32u.dll
0x00007ffb833e0000 - 0x00007ffb83409000 	C:\WINDOWS\System32\GDI32.dll
0x00007ffb82520000 - 0x00007ffb8263b000 	C:\WINDOWS\System32\gdi32full.dll
0x00007ffb827c0000 - 0x00007ffb8285a000 	C:\WINDOWS\System32\msvcp_win.dll
0x00007ffb6b2b0000 - 0x00007ffb6b542000 	C:\WINDOWS\WinSxS\amd64_microsoft.windows.common-controls_6595b64144ccf1df_6.0.22621.4391_none_2715d37f73803e96\COMCTL32.dll
0x00007ffb7a110000 - 0x00007ffb7a11a000 	C:\WINDOWS\SYSTEM32\VERSION.dll
0x00007ffb833a0000 - 0x00007ffb833d1000 	C:\WINDOWS\System32\IMM32.DLL
0x00007ffb7db20000 - 0x00007ffb7db2c000 	C:\Program Files\Java\jdk-21\bin\vcruntime140_1.dll
0x00007ffb5e740000 - 0x00007ffb5e7ce000 	C:\Program Files\Java\jdk-21\bin\msvcp140.dll
0x00007ffb09750000 - 0x00007ffb0a468000 	C:\Program Files\Java\jdk-21\bin\server\jvm.dll
0x00007ffb82ea0000 - 0x00007ffb82f11000 	C:\WINDOWS\System32\WS2_32.dll
0x00007ffb81fc0000 - 0x00007ffb8200d000 	C:\WINDOWS\SYSTEM32\POWRPROF.dll
0x00007ffb7acc0000 - 0x00007ffb7acf4000 	C:\WINDOWS\SYSTEM32\WINMM.dll
0x00007ffb81fa0000 - 0x00007ffb81fb3000 	C:\WINDOWS\SYSTEM32\UMPDC.dll
0x00007ffb81130000 - 0x00007ffb81148000 	C:\WINDOWS\SYSTEM32\kernel.appcore.dll
0x00007ffb7beb0000 - 0x00007ffb7beba000 	C:\Program Files\Java\jdk-21\bin\jimage.dll
0x00007ffb7f920000 - 0x00007ffb7fb52000 	C:\WINDOWS\SYSTEM32\DBGHELP.DLL
0x00007ffb83fd0000 - 0x00007ffb8435f000 	C:\WINDOWS\System32\combase.dll
0x00007ffb83b50000 - 0x00007ffb83c27000 	C:\WINDOWS\System32\OLEAUT32.dll
0x00007ffb674f0000 - 0x00007ffb67522000 	C:\WINDOWS\SYSTEM32\dbgcore.DLL
0x00007ffb82860000 - 0x00007ffb828db000 	C:\WINDOWS\System32\bcryptPrimitives.dll
0x00007ffb7b4d0000 - 0x00007ffb7b4df000 	C:\Program Files\Java\jdk-21\bin\instrument.dll
0x00007ffb7ae90000 - 0x00007ffb7aeaf000 	C:\Program Files\Java\jdk-21\bin\java.dll
0x00007ffb84530000 - 0x00007ffb84da6000 	C:\WINDOWS\System32\SHELL32.dll
0x00007ffb80030000 - 0x00007ffb80933000 	C:\WINDOWS\SYSTEM32\windows.storage.dll
0x00007ffb7fef0000 - 0x00007ffb8002f000 	C:\WINDOWS\SYSTEM32\wintypes.dll
0x00007ffb83410000 - 0x00007ffb83509000 	C:\WINDOWS\System32\SHCORE.dll
0x00007ffb82df0000 - 0x00007ffb82e4e000 	C:\WINDOWS\System32\shlwapi.dll
0x00007ffb82020000 - 0x00007ffb8204b000 	C:\WINDOWS\SYSTEM32\profapi.dll
0x00007ffb47080000 - 0x00007ffb47157000 	C:\Program Files\Java\jdk-21\bin\jsvml.dll
0x00007ffb723d0000 - 0x00007ffb723e8000 	C:\Program Files\Java\jdk-21\bin\zip.dll
0x00007ffb7b8d0000 - 0x00007ffb7b8e0000 	C:\Program Files\Java\jdk-21\bin\net.dll
0x00007ffb7c000000 - 0x00007ffb7c136000 	C:\WINDOWS\SYSTEM32\WINHTTP.dll
0x00007ffb815b0000 - 0x00007ffb81619000 	C:\WINDOWS\system32\mswsock.dll
0x00007ffb7ad30000 - 0x00007ffb7ad46000 	C:\Program Files\Java\jdk-21\bin\nio.dll
0x00007ffb723b0000 - 0x00007ffb723ca000 	C:\Program Files\JetBrains\IntelliJ IDEA Community Edition 2024.3\bin\breakgen64.dll
0x00007ffb7ad20000 - 0x00007ffb7ad29000 	C:\Program Files\Java\jdk-21\bin\extnet.dll
0x00007ffb71ac0000 - 0x00007ffb71aca000 	C:\Program Files\Java\jdk-21\bin\management.dll
0x00007ffb6df30000 - 0x00007ffb6df3b000 	C:\Program Files\Java\jdk-21\bin\management_ext.dll
0x00007ffb83c30000 - 0x00007ffb83c38000 	C:\WINDOWS\System32\PSAPI.DLL
0x00007ffb6df20000 - 0x00007ffb6df2e000 	C:\Program Files\Java\jdk-21\bin\sunmscapi.dll
0x00007ffb829a0000 - 0x00007ffb82b06000 	C:\WINDOWS\System32\CRYPT32.dll
0x00007ffb819c0000 - 0x00007ffb819ed000 	C:\WINDOWS\SYSTEM32\ncrypt.dll
0x00007ffb81980000 - 0x00007ffb819b7000 	C:\WINDOWS\SYSTEM32\NTASN1.dll
0x00007ffb81800000 - 0x00007ffb8181b000 	C:\WINDOWS\SYSTEM32\CRYPTSP.dll
0x00007ffb81090000 - 0x00007ffb810c5000 	C:\WINDOWS\system32\rsaenh.dll
0x00007ffb816a0000 - 0x00007ffb816c8000 	C:\WINDOWS\SYSTEM32\USERENV.dll
0x00007ffb81820000 - 0x00007ffb8182c000 	C:\WINDOWS\SYSTEM32\CRYPTBASE.dll
0x00007ffb80be0000 - 0x00007ffb80c0d000 	C:\WINDOWS\SYSTEM32\IPHLPAPI.DLL
0x00007ffb83e00000 - 0x00007ffb83e09000 	C:\WINDOWS\System32\NSI.dll
0x00007ffb80c10000 - 0x00007ffb80d12000 	C:\WINDOWS\SYSTEM32\DNSAPI.dll
0x00007ffb791f0000 - 0x00007ffb791fa000 	C:\Windows\System32\rasadhlp.dll
0x00007ffb7a3c0000 - 0x00007ffb7a443000 	C:\WINDOWS\System32\fwpuclnt.dll
0x00007ffb6c910000 - 0x00007ffb6c920000 	C:\Program Files\Java\jdk-21\bin\verify.dll

dbghelp: loaded successfully - version: 4.0.5 - missing functions: none
symbol engine: initialized successfully - sym options: 0x614 - pdb path: .;C:\Program Files\Java\jdk-21\bin;C:\WINDOWS\SYSTEM32;C:\WINDOWS\WinSxS\amd64_microsoft.windows.common-controls_6595b64144ccf1df_6.0.22621.4391_none_2715d37f73803e96;C:\Program Files\Java\jdk-21\bin\server;C:\Program Files\JetBrains\IntelliJ IDEA Community Edition 2024.3\bin

VM Arguments:
jvm_args: -javaagent:C:\Program Files\JetBrains\IntelliJ IDEA Community Edition 2024.3\lib\idea_rt.jar=63883:C:\Program Files\JetBrains\IntelliJ IDEA Community Edition 2024.3\bin -Dfile.encoding=UTF-8 -Dsun.stdout.encoding=UTF-8 -Dsun.stderr.encoding=UTF-8 
java_command: com.manisha.demo_sec.DemoSecApplication
java_class_path (initial): C:\Users\om\demo-sec\target\classes;C:\Users\om\.m2\repository\org\springframework\boot\spring-boot-starter-data-jpa\3.4.0\spring-boot-starter-data-jpa-3.4.0.jar;C:\Users\om\.m2\repository\org\springframework\boot\spring-boot-starter\3.4.0\spring-boot-starter-3.4.0.jar;C:\Users\om\.m2\repository\org\springframework\boot\spring-boot-starter-logging\3.4.0\spring-boot-starter-logging-3.4.0.jar;C:\Users\om\.m2\repository\ch\qos\logback\logback-classic\1.5.12\logback-classic-1.5.12.jar;C:\Users\om\.m2\repository\ch\qos\logback\logback-core\1.5.12\logback-core-1.5.12.jar;C:\Users\om\.m2\repository\org\apache\logging\log4j\log4j-to-slf4j\2.24.1\log4j-to-slf4j-2.24.1.jar;C:\Users\om\.m2\repository\org\apache\logging\log4j\log4j-api\2.24.1\log4j-api-2.24.1.jar;C:\Users\om\.m2\repository\org\slf4j\jul-to-slf4j\2.0.16\jul-to-slf4j-2.0.16.jar;C:\Users\om\.m2\repository\org\yaml\snakeyaml\2.3\snakeyaml-2.3.jar;C:\Users\om\.m2\repository\org\springframework\boot\spring-boot-starter-jdbc\3.4.0\spring-boot-starter-jdbc-3.4.0.jar;C:\Users\om\.m2\repository\com\zaxxer\HikariCP\5.1.0\HikariCP-5.1.0.jar;C:\Users\om\.m2\repository\org\springframework\spring-jdbc\6.2.0\spring-jdbc-6.2.0.jar;C:\Users\om\.m2\repository\org\hibernate\orm\hibernate-core\6.6.2.Final\hibernate-core-6.6.2.Final.jar;C:\Users\om\.m2\repository\jakarta\persistence\jakarta.persistence-api\3.1.0\jakarta.persistence-api-3.1.0.jar;C:\Users\om\.m2\repository\jakarta\transaction\jakarta.transaction-api\2.0.1\jakarta.transaction-api-2.0.1.jar;C:\Users\om\.m2\repository\org\jboss\logging\jboss-logging\3.6.1.Final\jboss-logging-3.6.1.Final.jar;C:\Users\om\.m2\repository\org\hibernate\common\hibernate-commons-annotations\7.0.3.Final\hibernate-commons-annotations-7.0.3.Final.jar;C:\Users\om\.m2\repository\io\smallrye\jandex\3.2.0\jandex-3.2.0.jar;C:\Users\om\.m2\repository\com\fasterxml\classmate\1.7.0\classmate-1.7.0.jar;C:\Users\om\.m2\repository\net\bytebuddy\byte-buddy\1.15.10\byte-buddy-1.15.10.jar;C:\Users\om\.m2\repository\org\glassfish\jaxb\jaxb-runtime\4.0.5\jaxb-runtime-4.0.5.jar;C:\Users\om\.m2\repository\org\glassfish\jaxb\jaxb-core\4.0.5\jaxb-core-4.0.5.jar;C:\Users\om\.m2\repository\org\eclipse\angus\angus-activation\2.0.2\angus-activation-2.0.2.jar;C:\Users\om\.m2\repository\org\glassfish\jaxb\txw2\4.0.5\txw2-4.0.5.jar;C:\Users\om\.m2\repository\com\sun\istack\istack-commons-runtime\4.1.2\istack-commons-runtime-4.1.2.jar;C:\Users\om\.m2\repository\jakarta\inject\jakarta.inject-api\2.0.1\jakarta.inject-api-2.0.1.jar;C:\Users\om\.m2\repository\org\springframework\spring-aspects\6.2.0\spring-aspects-6.2.0.jar;C:\Users\om\.m2\repository\org\aspectj\aspectjweaver\1.9.22.1\aspectjweaver-1.9.22.1.jar;C:\Users\om\.m2\repository\org\springframework\boot\spring-boot-starter-security\3.4.0\spring-boot-starter-security-3.4.0.jar;C:\Users\om\.m2\repository\org\springframework\spring-aop\6.2.0\spring-aop-6.2.0.jar;C:\Users\om\.m2\repository\org\springframework\security\spring-security-config\6.4.1\spring-security-config-6.4.1.jar;C:\Users\om\.m2\repository\org\springframework\security\spring-security-web\6.4.1\spring-security-web-6.4.1.jar;C:\Users\om\.m2\repository\org\springframework\spring-expression\6.2.0\spring-expression-6.2.0.jar;C:\Users\om\.m2\repository\org\postgresql\postgresql\42.7.4\postgresql-42.7.4.jar;C:\Users\om\.m2\repository\org\checkerframework\checker-qual\3.42.0\checker-qual-3.42.0.jar;C:\Users\om\.m2\repository\org\springframework\boot\spring-boot-starter-web\3.4.0\spring-boot-starter-web-3.4.0.jar;C:\Users\om\.m2\repository\org\springframework\boot\spring-boot-starter-json\3.4.0\spring-boot-starter-json-3.4.0.jar;C:\Users\om\.m2\repository\com\fasterxml\jackson\core\jackson-databind\2.18.1\jackson-databind-2.18.1.jar;C:\Users\om\.m2\repository\com\fasterxml\jackson\core\jackson-annotations\2.18.1\jackson-annotations-2.18.1.jar;C:\Users\om\.m2\repository\com\fasterxml\jackson\core\jackson-core\2.18.1\jackson-core-2.18.1.jar;C:\Users\om\.m2\repository\com\fasterxml\jackson\datatype\jackson-datatype-jdk8\2.18.1\jackson-datatype-jdk8-2.18.1.jar;C:\Users\om\.m2\repository\com\fasterxml\jackson\datatype\jackson-datatype-jsr310\2.18.1\jackson-datatype-jsr310-2.18.1.jar;C:\Users\om\.m2\repository\com\fasterxml\jackson\module\jackson-module-parameter-names\2.18.1\jackson-module-parameter-names-2.18.1.jar;C:\Users\om\.m2\repository\org\springframework\boot\spring-boot-starter-tomcat\3.4.0\spring-boot-starter-tomcat-3.4.0.jar;C:\Users\om\.m2\repository\org\apache\tomcat\embed\tomcat-embed-core\10.1.33\tomcat-embed-core-10.1.33.jar;C:\Users\om\.m2\repository\org\apache\tomcat\embed\tomcat-embed-el\10.1.33\tomcat-embed-el-10.1.33.jar;C:\Users\om\.m2\repository\org\apache\tomcat\embed\tomcat-embed-websocket\10.1.33\tomcat-embed-websocket-10.1.33.jar;C:\Users\om\.m2\repository\org\springframework\spring-web\6.2.0\spring-web-6.2.0.jar;C:\Users\om\.m2\repository\io\micrometer\micrometer-observation\1.14.1\micrometer-observation-1.14.1.jar;C:\Users\om\.m2\repository\io\micrometer\micrometer-commons\1.14.1\micrometer-commons-1.14.1.jar;C:\Users\om\.m2\repository\org\springframework\spring-webmvc\6.2.0\spring-webmvc-6.2.0.jar;C:\Users\om\.m2\repository\org\springframework\boot\spring-boot-devtools\3.4.0\spring-boot-devtools-3.4.0.jar;C:\Users\om\.m2\repository\org\springframework\boot\spring-boot\3.4.0\spring-boot-3.4.0.jar;C:\Users\om\.m2\repository\org\springframework\boot\spring-boot-autoconfigure\3.4.0\spring-boot-autoconfigure-3.4.0.jar;C:\Users\om\.m2\repository\jakarta\xml\bind\jakarta.xml.bind-api\4.0.2\jakarta.xml.bind-api-4.0.2.jar;C:\Users\om\.m2\repository\jakarta\activation\jakarta.activation-api\2.1.3\jakarta.activation-api-2.1.3.jar;C:\Users\om\.m2\repository\org\springframework\spring-core\6.2.0\spring-core-6.2.0.jar;C:\Users\om\.m2\repository\org\springframework\spring-jcl\6.2.0\spring-jcl-6.2.0.jar;C:\Users\om\.m2\repository\org\springframework\security\spring-security-core\6.4.1\spring-security-core-6.4.1.jar;C:\Users\om\.m2\repository\org\springframework\security\spring-security-crypto\6.4.1\spring-security-crypto-6.4.1.jar;C:\Users\om\.m2\repository\org\springframework\data\spring-data-jpa\3.3.4\spring-data-jpa-3.3.4.jar;C:\Users\om\.m2\repository\org\springframework\data\spring-data-commons\3.4.0\spring-data-commons-3.4.0.jar;C:\Users\om\.m2\repository\org\springframework\spring-orm\6.2.0\spring-orm-6.2.0.jar;C:\Users\om\.m2\repository\org\springframework\spring-context\6.2.0\spring-context-6.2.0.jar;C:\Users\om\.m2\repository\org\springframework\spring-tx\6.2.0\spring-tx-6.2.0.jar;C:\Users\om\.m2\repository\org\springframework\spring-beans\6.2.0\spring-beans-6.2.0.jar;C:\Users\om\.m2\repository\org\antlr\antlr4-runtime\4.13.0\antlr4-runtime-4.13.0.jar;C:\Users\om\.m2\repository\jakarta\annotation\jakarta.annotation-api\2.1.1\jakarta.annotation-api-2.1.1.jar;C:\Users\om\.m2\repository\org\slf4j\slf4j-api\2.0.16\slf4j-api-2.0.16.jar
Launcher Type: SUN_STANDARD

[Global flags]
     intx CICompilerCount                          = 3                                         {product} {ergonomic}
     uint ConcGCThreads                            = 1                                         {product} {ergonomic}
     uint G1ConcRefinementThreads                  = 4                                         {product} {ergonomic}
   size_t G1HeapRegionSize                         = 1048576                                   {product} {ergonomic}
    uintx GCDrainStackTargetSize                   = 64                                        {product} {ergonomic}
   size_t InitialHeapSize                          = 65011712                                  {product} {ergonomic}
   size_t MarkStackSize                            = 4194304                                   {product} {ergonomic}
   size_t MaxHeapSize                              = 1031798784                                {product} {ergonomic}
   size_t MaxNewSize                               = 618659840                                 {product} {ergonomic}
   size_t MinHeapDeltaBytes                        = 1048576                                   {product} {ergonomic}
   size_t MinHeapSize                              = 8388608                                   {product} {ergonomic}
    uintx NonNMethodCodeHeapSize                   = 5832780                                {pd product} {ergonomic}
    uintx NonProfiledCodeHeapSize                  = 122912730                              {pd product} {ergonomic}
    uintx ProfiledCodeHeapSize                     = 122912730                              {pd product} {ergonomic}
    uintx ReservedCodeCacheSize                    = 251658240                              {pd product} {ergonomic}
     bool SegmentedCodeCache                       = true                                      {product} {ergonomic}
   size_t SoftMaxHeapSize                          = 1031798784                             {manageable} {ergonomic}
     bool UseCompressedOops                        = true                           {product lp64_product} {ergonomic}
     bool UseG1GC                                  = true                                      {product} {ergonomic}
     bool UseLargePagesIndividualAllocation        = false                                  {pd product} {ergonomic}

Logging:
Log output configuration:
 #0: stdout all=warning uptime,level,tags foldmultilines=false
 #1: stderr all=off uptime,level,tags foldmultilines=false

Environment Variables:
PATH=C:\Program Files\nodejs\;C:\Users\om\AppData\Roaming\npm;C:\Program Files\Git\cmd;C:\Users\om\Downloads\ffmpeg\ffmpeg\bin;C:\Users\om\AppData\Local\Microsoft\WindowsApps;C:\Program Files\JetBrains\IntelliJ IDEA Community Edition 2024.3\bin;C:\Users\om\Downloads\ffmpeg\ffmpeg\bin;C:\ProgramData\Microsoft\Windows\Start Menu\Programs\Node.js;;C:\Program Files\nodejs;C:\Users\om\Downloads\apache-maven-3.9.6-bin\apache-maven-3.9.6\bin;C:\Program Files\Java\apache-maven-3.9.9-bin.zip\apache-maven-3.9.9\bin;C:\Users\om\Downloads\ffmpeg-2024-11-13-git-322b240cea-full_build\ffmpeg-2024-11-13-git-322b240cea-full_build\bin;C:\Users\om\AppData\Roaming\npm;C:\Users\om\AppData\Local\Programs\Microsoft VS Code\bin
USERNAME=om
OS=Windows_NT
PROCESSOR_IDENTIFIER=Intel64 Family 6 Model 142 Stepping 12, GenuineIntel
TMP=C:\Users\om\AppData\Local\Temp
TEMP=C:\Users\om\AppData\Local\Temp




Periodic native trim disabled

---------------  S Y S T E M  ---------------

OS:
 Windows 11 , 64 bit Build 22621 (10.0.22621.4391)
OS uptime: 19 days 16:46 hours

CPU: total 4 (initial active 4) (2 cores per cpu, 2 threads per core) family 6 model 142 stepping 12 microcode 0xde, cx8, cmov, fxsr, ht, mmx, 3dnowpref, sse, sse2, sse3, ssse3, sse4.1, sse4.2, popcnt, lzcnt, tsc, tscinvbit, avx, avx2, aes, erms, clmul, bmi1, bmi2, adx, fma, vzeroupper, clflush, clflushopt, rdtscp, f16c
Processor Information for processor 0
  Max Mhz: 2501, Current Mhz: 2501, Mhz Limit: 2501
Processor Information for processor 1
  Max Mhz: 2501, Current Mhz: 1500, Mhz Limit: 2501
Processor Information for processor 2
  Max Mhz: 2501, Current Mhz: 2501, Mhz Limit: 2501
Processor Information for processor 3
  Max Mhz: 2501, Current Mhz: 2501, Mhz Limit: 2501

Memory: 4k page, system-wide physical 3933M (382M free)
TotalPageFile size 16221M (AvailPageFile size 3M)
current process WorkingSet (physical memory assigned to process): 208M, peak: 208M
current process commit charge ("private bytes"): 237M, peak: 238M

vm_info: Java HotSpot(TM) 64-Bit Server VM (21.0.5+9-LTS-239) for windows-amd64 JRE (21.0.5+9-LTS-239), built on 2024-09-30T05:17:38Z by "mach5one" with MS VC++ 17.6 (VS2022)

END.
